 left_edge  1.000000000000000E-002 right_edge   1.51000000000000      up_edge
  0.210000000000000      down_edge  6.000000000000000E-002
rank( 1): 0
rank( 2): 0
rank( 3): 0
the region with left_edge:     0.010 ,right_edge:     1.510 ,down_edge:     0.060 ,up_edge:     0.210has been solved
 left_edge  1.000000000000000E-002 right_edge   1.51000000000000      up_edge
  6.000000000000000E-002 down_edge -3.999999910593033E-002
rank( 1): 1
rank( 2): 2
rank( 3): 3
rank( 4): 4
rank( 5): 4
rank( 6): 4
 left_edge  1.000000000000000E-002 right_edge  0.760000000000000      up_edge
  6.000000000000000E-002 down_edge  1.000000044703483E-002
rank( 1): 0
rank( 2): 0
rank( 3): 0
 left_edge  0.760000000000000      right_edge   1.51000000000000      up_edge
  6.000000000000000E-002 down_edge  1.000000044703483E-002
rank( 1): 0
rank( 2): 0
rank( 3): 0
 left_edge  1.000000000000000E-002 right_edge  0.760000000000000      up_edge
  1.000000044703483E-002 down_edge -3.999999910593033E-002
rank( 1): 1
rank( 2): 2
rank( 3): 2
rank( 4): 3
rank( 5): 3
rank( 6): 4
rank( 7): 4
rank( 8): 4
 left_edge  1.000000000000000E-002 right_edge  0.385000000000000      up_edge
  1.000000044703483E-002 down_edge -1.499999932944775E-002
rank( 1): 1
rank( 2): 2
rank( 3): 3
rank( 4): 3
rank( 5): 3
 left_edge  1.000000000000000E-002 right_edge  0.197500000000000      up_edge
  1.000000044703483E-002 down_edge -2.499999441206456E-003
rank( 1): 1
rank( 2): 2
rank( 3): 2
rank( 4): 2
(      0.1474315,     -0.0000000)   1  0.5114901E-08
(      0.1730754,     -0.0000000)   1  0.1239214E-07
 left_edge  0.197500000000000      right_edge  0.385000000000000      up_edge
  1.000000044703483E-002 down_edge -2.499999441206456E-003
rank( 1): 0
rank( 2): 0
rank( 3): 0
 left_edge  1.000000000000000E-002 right_edge  0.197500000000000      up_edge
 -2.499999441206456E-003 down_edge -1.499999932944775E-002
rank( 1): 1
rank( 2): 1
rank( 3): 1
(      0.0143646,     -0.0057731)   1  0.1446557E-08
 left_edge  0.197500000000000      right_edge  0.385000000000000      up_edge
 -2.499999441206456E-003 down_edge -1.499999932944775E-002
rank( 1): 0
rank( 2): 0
rank( 3): 0
 left_edge  0.385000000000000      right_edge  0.760000000000000      up_edge
  1.000000044703483E-002 down_edge -1.499999932944775E-002
rank( 1): 0
rank( 2): 0
rank( 3): 0
 left_edge  1.000000000000000E-002 right_edge  0.385000000000000      up_edge
 -1.499999932944775E-002 down_edge -3.999999910593033E-002
rank( 1): 1
rank( 2): 2
rank( 3): 2
rank( 4): 2
 left_edge  1.000000000000000E-002 right_edge  0.197500000000000      up_edge
 -1.499999932944775E-002 down_edge -2.749999921768904E-002
rank( 1): 1
rank( 2): 1
rank( 3): 2
rank( 4): 2
rank( 5): 2
 left_edge  1.000000000000000E-002 right_edge  0.103750000000000      up_edge
 -1.499999932944775E-002 down_edge -2.124999927356839E-002
rank( 1): 1
rank( 2): 1
rank( 3): 1
(      0.0235610,     -0.0176984)   1  0.6172151E-13
 left_edge  0.103750000000000      right_edge  0.197500000000000      up_edge
 -1.499999932944775E-002 down_edge -2.124999927356839E-002
rank( 1): 0
rank( 2): 0
rank( 3): 0
 left_edge  1.000000000000000E-002 right_edge  0.103750000000000      up_edge
 -2.124999927356839E-002 down_edge -2.749999921768904E-002
rank( 1): 1
rank( 2): 1
rank( 3): 1
(      0.0296997,     -0.0247044)   1  0.4793244E-13
 left_edge  0.103750000000000      right_edge  0.197500000000000      up_edge
 -2.124999927356839E-002 down_edge -2.749999921768904E-002
rank( 1): 0
rank( 2): 0
rank( 3): 0
 left_edge  0.197500000000000      right_edge  0.385000000000000      up_edge
 -1.499999932944775E-002 down_edge -2.749999921768904E-002
rank( 1): 0
rank( 2): 0
rank( 3): 0
 left_edge  1.000000000000000E-002 right_edge  0.197500000000000      up_edge
 -2.749999921768904E-002 down_edge -3.999999910593033E-002
rank( 1): 1
rank( 2): 2
rank( 3): 2
rank( 4): 2
 left_edge  1.000000000000000E-002 right_edge  0.103750000000000      up_edge
 -2.749999921768904E-002 down_edge -3.374999916180968E-002
rank( 1): 1
rank( 2): 1
rank( 3): 1
(      0.0347045,     -0.0302140)   1  0.2362895E-09
 left_edge  0.103750000000000      right_edge  0.197500000000000      up_edge
 -2.749999921768904E-002 down_edge -3.374999916180968E-002
rank( 1): 0
rank( 2): 0
rank( 3): 0
 left_edge  1.000000000000000E-002 right_edge  0.103750000000000      up_edge
 -3.374999916180968E-002 down_edge -3.999999910593033E-002
rank( 1): 1
rank( 2): 2
rank( 3): 2
rank( 4): 2
 left_edge  1.000000000000000E-002 right_edge  5.687500000000000E-002 up_edge
 -3.374999916180968E-002 down_edge -3.687499913387000E-002
rank( 1): 1
rank( 2): 1
rank( 3): 1
(      0.0390464,     -0.0349030)   1  0.9970199E-11
 left_edge  5.687500000000000E-002 right_edge  0.103750000000000      up_edge
 -3.374999916180968E-002 down_edge -3.687499913387000E-002
rank( 1): 0
rank( 2): 0
rank( 3): 0
 left_edge  1.000000000000000E-002 right_edge  5.687500000000000E-002 up_edge
 -3.687499913387000E-002 down_edge -3.999999910593033E-002
rank( 1): 1
rank( 2): 1
rank( 3): 1
(      0.0429374,     -0.0390541)   1  0.2538184E-10
 left_edge  5.687500000000000E-002 right_edge  0.103750000000000      up_edge
 -3.687499913387000E-002 down_edge -3.999999910593033E-002
rank( 1): 0
rank( 2): 0
rank( 3): 0
 left_edge  0.103750000000000      right_edge  0.197500000000000      up_edge
 -3.374999916180968E-002 down_edge -3.999999910593033E-002
rank( 1): 0
rank( 2): 0
rank( 3): 0
 left_edge  0.197500000000000      right_edge  0.385000000000000      up_edge
 -2.749999921768904E-002 down_edge -3.999999910593033E-002
rank( 1): 0
rank( 2): 0
rank( 3): 0
 left_edge  0.385000000000000      right_edge  0.760000000000000      up_edge
 -1.499999932944775E-002 down_edge -3.999999910593033E-002
rank( 1): 0
rank( 2): 0
rank( 3): 0
 left_edge  0.760000000000000      right_edge   1.51000000000000      up_edge
  1.000000044703483E-002 down_edge -3.999999910593033E-002
rank( 1): 1
rank( 2): 2
rank( 3): 2
rank( 4): 2
 left_edge  0.760000000000000      right_edge   1.13500000000000      up_edge
  1.000000044703483E-002 down_edge -1.499999932944775E-002
rank( 1): 1
rank( 2): 2
rank( 3): 2
rank( 4): 2
(      0.9799830,     -0.0135488)   1  0.3562485E-09
(      1.0198145,     -0.0135488)   1  0.3599895E-09
 left_edge   1.13500000000000      right_edge   1.51000000000000      up_edge
  1.000000044703483E-002 down_edge -1.499999932944775E-002
rank( 1): 0
rank( 2): 0
rank( 3): 0
 left_edge  0.760000000000000      right_edge   1.13500000000000      up_edge
 -1.499999932944775E-002 down_edge -3.999999910593033E-002
rank( 1): 1
rank( 2): 2
rank( 3): 2
rank( 4): 3
rank( 5): 3
rank( 6): 4
rank( 7): 4
rank( 8): 4
 left_edge  0.760000000000000      right_edge  0.947500000000000      up_edge
 -1.499999932944775E-002 down_edge -2.749999921768904E-002
rank( 1): 0
rank( 2): 0
rank( 3): 0
 left_edge  0.947500000000000      right_edge   1.13500000000000      up_edge
 -1.499999932944775E-002 down_edge -2.749999921768904E-002
rank( 1): 1
rank( 2): 2
rank( 3): 2
rank( 4): 2
(      1.0268118,     -0.0217722)   1  0.4661805E-07
(      0.9729862,     -0.0217711)   1  0.5103332E-07
 left_edge  0.760000000000000      right_edge  0.947500000000000      up_edge
 -2.749999921768904E-002 down_edge -3.999999910593033E-002
rank( 1): 0
rank( 2): 0
rank( 3): 0
 left_edge  0.947500000000000      right_edge   1.13500000000000      up_edge
 -2.749999921768904E-002 down_edge -3.999999910593033E-002
rank( 1): 1
rank( 2): 2
rank( 3): 3
rank( 4): 4
rank( 5): 4
rank( 6): 4
 left_edge  0.947500000000000      right_edge   1.04125000000000      up_edge
 -2.749999921768904E-002 down_edge -3.374999916180968E-002
rank( 1): 1
rank( 2): 2
rank( 3): 3
rank( 4): 3
rank( 5): 4
rank( 6): 4
rank( 7): 4
 left_edge  0.947500000000000      right_edge  0.994375000000000      up_edge
 -2.749999921768904E-002 down_edge -3.062499918974936E-002
rank( 1): 1
rank( 2): 1
rank( 3): 1
(      0.9675438,     -0.0278454)   1  0.7722355E-12
 left_edge  0.994375000000000      right_edge   1.04125000000000      up_edge
 -2.749999921768904E-002 down_edge -3.062499918974936E-002
rank( 1): 1
rank( 2): 1
rank( 3): 1
(      1.0322538,     -0.0278453)   1  0.2236951E-11
 left_edge  0.947500000000000      right_edge  0.994375000000000      up_edge
 -3.062499918974936E-002 down_edge -3.374999916180968E-002
rank( 1): 1
rank( 2): 1
rank( 3): 1
(      0.9629237,     -0.0328759)   1  0.4427630E-10
 left_edge  0.994375000000000      right_edge   1.04125000000000      up_edge
 -3.062499918974936E-002 down_edge -3.374999916180968E-002
rank( 1): 1
rank( 2): 1
rank( 3): 1
(      1.0368738,     -0.0328757)   1  0.1754378E-10
 left_edge   1.04125000000000      right_edge   1.13500000000000      up_edge
 -2.749999921768904E-002 down_edge -3.374999916180968E-002
rank( 1): 0
rank( 2): 0
rank( 3): 0
 left_edge  0.947500000000000      right_edge   1.04125000000000      up_edge
 -3.374999916180968E-002 down_edge -3.999999910593033E-002
rank( 1): 1
rank( 2): 2
rank( 3): 2
rank( 4): 2
(      0.9588355,     -0.0372615)   1  0.1889979E-07
(      1.0409620,     -0.0372613)   1  0.1962215E-07
 left_edge   1.04125000000000      right_edge   1.13500000000000      up_edge
 -3.374999916180968E-002 down_edge -3.999999910593033E-002
rank( 1): 0
rank( 2): 0
rank( 3): 0
 left_edge   1.13500000000000      right_edge   1.51000000000000      up_edge
 -1.499999932944775E-002 down_edge -3.999999910593033E-002
rank( 1): 0
rank( 2): 0
rank( 3): 0
the region with left_edge:     0.010 ,right_edge:     1.510 ,down_edge:    -0.040 ,up_edge:     0.060has been solved
           1 :
 ans_z_solve are (0.147431521858843,-5.927875563679907E-009)
 ans_mul_solve are           1
 ans_z_error are  5.114901341092667E-009
 ans_f_solve are (3.590664665136537E-003,1.959598410046811E-003)
           2 :
 ans_z_solve are (0.173075434878349,-5.534562922543396E-009)
 ans_mul_solve are           1
 ans_z_error are  1.239213523269331E-008
 ans_f_solve are (3.317011400800942E-004,-3.046536973572128E-003)
           3 :
 ans_z_solve are (1.436459701695857E-002,-5.773146473452474E-003)
 ans_mul_solve are           1
 ans_z_error are  1.446557427521933E-009
 ans_f_solve are (-68.4613986404285,-728.851153820604)
           4 :
 ans_z_solve are (2.356103906196561E-002,-1.769840309722524E-002)
 ans_mul_solve are           1
 ans_z_error are  6.172151256610186E-014
 ans_f_solve are (1.99990271869660,-0.839220255853017)
           5 :
 ans_z_solve are (2.969974051160874E-002,-2.470436187588808E-002)
 ans_mul_solve are           1
 ans_z_error are  4.793243667581052E-014
 ans_f_solve are (-0.335375949290016,1.79265157929531)
           6 :
 ans_z_solve are (3.470449788305242E-002,-3.021398332060182E-002)
 ans_mul_solve are           1
 ans_z_error are  2.362894904188081E-010
 ans_f_solve are (5.21027729083549,2.11010637562978)
           7 :
 ans_z_solve are (3.904638922913352E-002,-3.490303270224818E-002)
 ans_mul_solve are           1
 ans_z_error are  9.970199362081941E-012
 ans_f_solve are (-0.128669679658979,4.123683462369100E-002)
           8 :
 ans_z_solve are (4.293736816802344E-002,-3.905405940038133E-002)
 ans_mul_solve are           1
 ans_z_error are  2.538183757292667E-011
 ans_f_solve are (0.962120674325287,0.975267508996720)
           9 :
 ans_z_solve are (0.979983042152344,-1.354882287690109E-002)
 ans_mul_solve are           1
 ans_z_error are  3.562484619173962E-010
 ans_f_solve are (-1.66489986544530,1.63144154732905)
          10 :
 ans_z_solve are (1.01981448162625,-1.354879706600651E-002)
 ans_mul_solve are           1
 ans_z_error are  3.599894618033185E-010
 ans_f_solve are (0.379167525134094,-0.478386086774321)
          11 :
 ans_z_solve are (1.02681176121309,-2.177220118538037E-002)
 ans_mul_solve are           1
 ans_z_error are  4.661804923433423E-008
 ans_f_solve are (30.6265668397742,-93.5382036325688)
          12 :
 ans_z_solve are (0.972986227142049,-2.177108169321566E-002)
 ans_mul_solve are           1
 ans_z_error are  5.103331919272355E-008
 ans_f_solve are (41.7603644882615,110.741225827998)
          13 :
 ans_z_solve are (0.967543754759469,-2.784540854958830E-002)
 ans_mul_solve are           1
 ans_z_error are  7.722355117424945E-013
 ans_f_solve are (-1.396676482275442E-002,6.112684283493534E-003)
          14 :
 ans_z_solve are (1.03225377035702,-2.784527431017327E-002)
 ans_mul_solve are           1
 ans_z_error are  2.236951336906893E-012
 ans_f_solve are (-5.254248377436816E-003,6.325832053132471E-003)
          15 :
 ans_z_solve are (0.962923724012969,-3.287592917081659E-002)
 ans_mul_solve are           1
 ans_z_error are  4.427629819532787E-011
 ans_f_solve are (-8.334912155459357E-003,4.099282544637486E-004)
          16 :
 ans_z_solve are (1.03687380000194,-3.287574806242453E-002)
 ans_mul_solve are           1
 ans_z_error are  1.754378313824488E-011
 ans_f_solve are (-2.635491301874233E-002,-6.336406728134434E-003)
          17 :
 ans_z_solve are (0.958835544245608,-3.726154911783062E-002)
 ans_mul_solve are           1
 ans_z_error are  1.889979073854185E-008
 ans_f_solve are (1.03842012632192,3.04994069001665)
          18 :
 ans_z_solve are (1.04096200347574,-3.726134348996753E-002)
 ans_mul_solve are           1
 ans_z_error are  1.962215473631999E-008
 ans_f_solve are (2.16448980381397,-0.693038900897095)
 running time is  0.173276000000000     
